# JRE version: OpenJDK Runtime Environment (8.0_112-b06) (build 1.8.0_112-release-b06)
# Java VM: OpenJDK 64-Bit Server VM (25.112-b06 mixed mode windows-amd64 compressed oops)
Heap:
 PSYoungGen      total 110080K, used 110080K [0x00000000eab00000, 0x00000000f2e00000, 0x0000000100000000)
  eden space 97280K, 100% used [0x00000000eab00000,0x00000000f0a00000,0x00000000f0a00000)
  from space 12800K, 100% used [0x00000000f1a00000,0x00000000f2680000,0x00000000f2680000)
  to   space 16384K, 46% used [0x00000000f0a00000,0x00000000f11601f8,0x00000000f1a00000)
 ParOldGen       total 57344K, used 24568K [0x00000000c0000000, 0x00000000c3800000, 0x00000000eab00000)
  object space 57344K, 42% used [0x00000000c0000000,0x00000000c17fe1a0,0x00000000c3800000)
 Metaspace       used 57035K, capacity 58874K, committed 59008K, reserved 1099776K
  class space    used 7630K, capacity 8014K, committed 8064K, reserved 1048576K
GC Heap History (10 events):
Event: 14.821 GC heap after
Heap after GC invocations=12 (full 1):
 PSYoungGen      total 72704K, used 8703K [0x00000000eab00000, 0x00000000f0e80000, 0x0000000100000000)
  eden space 64000K, 0% used [0x00000000eab00000,0x00000000eab00000,0x00000000ee980000)
  from space 8704K, 99% used [0x00000000ee980000,0x00000000ef1ffe20,0x00000000ef200000)
  to   space 10240K, 0% used [0x00000000f0480000,0x00000000f0480000,0x00000000f0e80000)
 ParOldGen       total 35840K, used 10595K [0x00000000c0000000, 0x00000000c2300000, 0x00000000eab00000)
  object space 35840K, 29% used [0x00000000c0000000,0x00000000c0a58cd0,0x00000000c2300000)
 Metaspace       used 34803K, capacity 35336K, committed 35496K, reserved 1079296K
  class space    used 4638K, capacity 4810K, committed 4864K, reserved 1048576K
}
Event: 14.821 GC heap before
{Heap before GC invocations=13 (full 2):
 PSYoungGen      total 72704K, used 8703K [0x00000000eab00000, 0x00000000f0e80000, 0x0000000100000000)
  eden space 64000K, 0% used [0x00000000eab00000,0x00000000eab00000,0x00000000ee980000)
  from space 8704K, 99% used [0x00000000ee980000,0x00000000ef1ffe20,0x00000000ef200000)
  to   space 10240K, 0% used [0x00000000f0480000,0x00000000f0480000,0x00000000f0e80000)
 ParOldGen       total 35840K, used 10595K [0x00000000c0000000, 0x00000000c2300000, 0x00000000eab00000)
  object space 35840K, 29% used [0x00000000c0000000,0x00000000c0a58cd0,0x00000000c2300000)
 Metaspace       used 34803K, capacity 35336K, committed 35496K, reserved 1079296K
  class space    used 4638K, capacity 4810K, committed 4864K, reserved 1048576K
Event: 14.960 GC heap after
Heap after GC invocations=13 (full 2):
 PSYoungGen      total 72704K, used 0K [0x00000000eab00000, 0x00000000f0e80000, 0x0000000100000000)
  eden space 64000K, 0% used [0x00000000eab00000,0x00000000eab00000,0x00000000ee980000)
  from space 8704K, 0% used [0x00000000ee980000,0x00000000ee980000,0x00000000ef200000)
  to   space 10240K, 0% used [0x00000000f0480000,0x00000000f0480000,0x00000000f0e80000)
 ParOldGen       total 57344K, used 16607K [0x00000000c0000000, 0x00000000c3800000, 0x00000000eab00000)
  object space 57344K, 28% used [0x00000000c0000000,0x00000000c1037c10,0x00000000c3800000)
 Metaspace       used 34803K, capacity 35336K, committed 35496K, reserved 1079296K
  class space    used 4638K, capacity 4810K, committed 4864K, reserved 1048576K
}
Event: 18.101 GC heap before
{Heap before GC invocations=14 (full 2):
 PSYoungGen      total 72704K, used 64000K [0x00000000eab00000, 0x00000000f0e80000, 0x0000000100000000)
  eden space 64000K, 100% used [0x00000000eab00000,0x00000000ee980000,0x00000000ee980000)
  from space 8704K, 0% used [0x00000000ee980000,0x00000000ee980000,0x00000000ef200000)
  to   space 10240K, 0% used [0x00000000f0480000,0x00000000f0480000,0x00000000f0e80000)
 ParOldGen       total 57344K, used 16607K [0x00000000c0000000, 0x00000000c3800000, 0x00000000eab00000)
  object space 57344K, 28% used [0x00000000c0000000,0x00000000c1037c10,0x00000000c3800000)
 Metaspace       used 41944K, capacity 42656K, committed 43008K, reserved 1087488K
  class space    used 5619K, capacity 5831K, committed 5888K, reserved 1048576K
Event: 18.120 GC heap after
Heap after GC invocations=14 (full 2):
 PSYoungGen      total 90112K, used 8384K [0x00000000eab00000, 0x00000000f0f00000, 0x0000000100000000)
  eden space 79872K, 0% used [0x00000000eab00000,0x00000000eab00000,0x00000000ef900000)
  from space 10240K, 81% used [0x00000000f0480000,0x00000000f0cb0258,0x00000000f0e80000)
  to   space 11264K, 0% used [0x00000000ef900000,0x00000000ef900000,0x00000000f0400000)
 ParOldGen       total 57344K, used 16615K [0x00000000c0000000, 0x00000000c3800000, 0x00000000eab00000)
  object space 57344K, 28% used [0x00000000c0000000,0x00000000c1039c10,0x00000000c3800000)
 Metaspace       used 41944K, capacity 42656K, committed 43008K, reserved 1087488K
  class space    used 5619K, capacity 5831K, committed 5888K, reserved 1048576K
}
Event: 20.553 GC heap before
{Heap before GC invocations=15 (full 2):
 PSYoungGen      total 90112K, used 88256K [0x00000000eab00000, 0x00000000f0f00000, 0x0000000100000000)
  eden space 79872K, 100% used [0x00000000eab00000,0x00000000ef900000,0x00000000ef900000)
  from space 10240K, 81% used [0x00000000f0480000,0x00000000f0cb0258,0x00000000f0e80000)
  to   space 11264K, 0% used [0x00000000ef900000,0x00000000ef900000,0x00000000f0400000)
 ParOldGen       total 57344K, used 16615K [0x00000000c0000000, 0x00000000c3800000, 0x00000000eab00000)
  object space 57344K, 28% used [0x00000000c0000000,0x00000000c1039c10,0x00000000c3800000)
 Metaspace       used 44749K, capacity 45836K, committed 45952K, reserved 1089536K
  class space    used 5970K, capacity 6205K, committed 6272K, reserved 1048576K
Event: 20.584 GC heap after
Heap after GC invocations=15 (full 2):
 PSYoungGen      total 91136K, used 11232K [0x00000000eab00000, 0x00000000f2680000, 0x0000000100000000)
  eden space 79872K, 0% used [0x00000000eab00000,0x00000000eab00000,0x00000000ef900000)
  from space 11264K, 99% used [0x00000000ef900000,0x00000000f03f80a0,0x00000000f0400000)
  to   space 12800K, 0% used [0x00000000f1a00000,0x00000000f1a00000,0x00000000f2680000)
 ParOldGen       total 57344K, used 17435K [0x00000000c0000000, 0x00000000c3800000, 0x00000000eab00000)
  object space 57344K, 30% used [0x00000000c0000000,0x00000000c1106f30,0x00000000c3800000)
 Metaspace       used 44749K, capacity 45836K, committed 45952K, reserved 1089536K
  class space    used 5970K, capacity 6205K, committed 6272K, reserved 1048576K
}
Event: 23.023 GC heap before
{Heap before GC invocations=16 (full 2):
 PSYoungGen      total 91136K, used 91104K [0x00000000eab00000, 0x00000000f2680000, 0x0000000100000000)
  eden space 79872K, 100% used [0x00000000eab00000,0x00000000ef900000,0x00000000ef900000)
  from space 11264K, 99% used [0x00000000ef900000,0x00000000f03f80a0,0x00000000f0400000)
  to   space 12800K, 0% used [0x00000000f1a00000,0x00000000f1a00000,0x00000000f2680000)
 ParOldGen       total 57344K, used 17435K [0x00000000c0000000, 0x00000000c3800000, 0x00000000eab00000)
  object space 57344K, 30% used [0x00000000c0000000,0x00000000c1106f30,0x00000000c3800000)
 Metaspace       used 50210K, capacity 51750K, committed 51968K, reserved 1093632K
  class space    used 6793K, capacity 7124K, committed 7168K, reserved 1048576K
Event: 23.049 GC heap after
Heap after GC invocations=16 (full 2):
 PSYoungGen      total 110080K, used 12800K [0x00000000eab00000, 0x00000000f2e00000, 0x0000000100000000)
  eden space 97280K, 0% used [0x00000000eab00000,0x00000000eab00000,0x00000000f0a00000)
  from space 12800K, 100% used [0x00000000f1a00000,0x00000000f2680000,0x00000000f2680000)
  to   space 16384K, 0% used [0x00000000f0a00000,0x00000000f0a00000,0x00000000f1a00000)
 ParOldGen       total 57344K, used 22384K [0x00000000c0000000, 0x00000000c3800000, 0x00000000eab00000)
  object space 57344K, 39% used [0x00000000c0000000,0x00000000c15dc1a0,0x00000000c3800000)
 Metaspace       used 50210K, capacity 51750K, committed 51968K, reserved 1093632K
  class space    used 6793K, capacity 7124K, committed 7168K, reserved 1048576K
}
Event: 26.684 GC heap before
{Heap before GC invocations=17 (full 2):
 PSYoungGen      total 110080K, used 110080K [0x00000000eab00000, 0x00000000f2e00000, 0x0000000100000000)
  eden space 97280K, 100% used [0x00000000eab00000,0x00000000f0a00000,0x00000000f0a00000)
  from space 12800K, 100% used [0x00000000f1a00000,0x00000000f2680000,0x00000000f2680000)
  to   space 16384K, 0% used [0x00000000f0a00000,0x00000000f0a00000,0x00000000f1a00000)
 ParOldGen       total 57344K, used 22384K [0x00000000c0000000, 0x00000000c3800000, 0x00000000eab00000)
  object space 57344K, 39% used [0x00000000c0000000,0x00000000c15dc1a0,0x00000000c3800000)
 Metaspace       used 57035K, capacity 58874K, committed 59008K, reserved 1099776K
  class space    used 7630K, capacity 8014K, committed 8064K, reserved 1048576K

